<?xml version="1.0" encoding="UTF-8"?>
<testng-results skipped="0" failed="0" total="2" passed="2">
  <reporter-output>
  </reporter-output>
  <suite name="Suite" duration-ms="52717" started-at="2020-02-01T08:47:49Z" finished-at="2020-02-01T08:48:42Z">
    <groups>
    </groups>
    <test name="Test" duration-ms="52717" started-at="2020-02-01T08:47:49Z" finished-at="2020-02-01T08:48:42Z">
      <class name="schemaValidationTest.test_schema_validation">
        <test-method status="PASS" signature="test_schema1(java.lang.String)[pri:0, instance:schemaValidationTest.test_schema_validation@64616ca2]" name="test_schema1" duration-ms="51833" started-at="2020-02-01T14:17:50Z" data-provider="url_reader_xl" finished-at="2020-02-01T14:18:41Z">
          <params>
            <param index="0">
              <value>
                <![CDATA[https://bit.ly/2MMhOhs]]>
              </value>
            </param>
          </params>
          <reporter-output>
          </reporter-output>
        </test-method> <!-- test_schema1 -->
        <test-method status="PASS" signature="test_schema1(java.lang.String)[pri:0, instance:schemaValidationTest.test_schema_validation@64616ca2]" name="test_schema1" duration-ms="52163" started-at="2020-02-01T14:17:50Z" data-provider="url_reader_xl" finished-at="2020-02-01T14:18:42Z">
          <params>
            <param index="0">
              <value>
                <![CDATA[https://bit.ly/2sDY4pl]]>
              </value>
            </param>
          </params>
          <reporter-output>
          </reporter-output>
        </test-method> <!-- test_schema1 -->
      </class> <!-- schemaValidationTest.test_schema_validation -->
    </test> <!-- Test -->
  </suite> <!-- Suite -->
</testng-results>
